# JRE version: OpenJDK Runtime Environment (8.0_151-b12) (build 1.8.0_151-8u151-b12-0ubuntu0.16.04.2-b12)
# Java VM: OpenJDK 64-Bit Server VM (25.151-b12 mixed mode linux-amd64 compressed oops)
Heap:
 PSYoungGen      total 8704K, used 8062K [0x00000000e1980000, 0x00000000e2c80000, 0x0000000100000000)
  eden space 5632K, 91% used [0x00000000e1980000,0x00000000e1e8f170,0x00000000e1f00000)
  from space 3072K, 93% used [0x00000000e2280000,0x00000000e25508c0,0x00000000e2580000)
  to   space 3584K, 0% used [0x00000000e1f00000,0x00000000e1f00000,0x00000000e2280000)
 ParOldGen       total 5632K, used 3729K [0x00000000a4c00000, 0x00000000a5180000, 0x00000000e1980000)
  object space 5632K, 66% used [0x00000000a4c00000,0x00000000a4fa47f0,0x00000000a5180000)
 Metaspace       used 19387K, capacity 19660K, committed 19968K, reserved 1067008K
  class space    used 2216K, capacity 2299K, committed 2304K, reserved 1048576K
GC Heap History (10 events):
Event: 5.162 GC heap before
{Heap before GC invocations=4 (full 0):
 PSYoungGen      total 3584K, used 3584K [0x00000000e1980000, 0x00000000e2080000, 0x0000000100000000)
  eden space 3072K, 100% used [0x00000000e1980000,0x00000000e1c80000,0x00000000e1c80000)
  from space 512K, 100% used [0x00000000e1c80000,0x00000000e1d00000,0x00000000e1d00000)
  to   space 512K, 0% used [0x00000000e2000000,0x00000000e2000000,0x00000000e2080000)
 ParOldGen       total 5632K, used 1480K [0x00000000a4c00000, 0x00000000a5180000, 0x00000000e1980000)
  object space 5632K, 26% used [0x00000000a4c00000,0x00000000a4d72340,0x00000000a5180000)
 Metaspace       used 8802K, capacity 8888K, committed 8960K, reserved 1056768K
  class space    used 934K, capacity 980K, committed 1024K, reserved 1048576K
Event: 5.167 GC heap after
Heap after GC invocations=4 (full 0):
 PSYoungGen      total 6656K, used 496K [0x00000000e1980000, 0x00000000e2080000, 0x0000000100000000)
  eden space 6144K, 0% used [0x00000000e1980000,0x00000000e1980000,0x00000000e1f80000)
  from space 512K, 96% used [0x00000000e2000000,0x00000000e207c010,0x00000000e2080000)
  to   space 512K, 0% used [0x00000000e1f80000,0x00000000e1f80000,0x00000000e2000000)
 ParOldGen       total 5632K, used 1896K [0x00000000a4c00000, 0x00000000a5180000, 0x00000000e1980000)
  object space 5632K, 33% used [0x00000000a4c00000,0x00000000a4dda340,0x00000000a5180000)
 Metaspace       used 8802K, capacity 8888K, committed 8960K, reserved 1056768K
  class space    used 934K, capacity 980K, committed 1024K, reserved 1048576K
}
Event: 8.460 GC heap before
{Heap before GC invocations=5 (full 0):
 PSYoungGen      total 6656K, used 6640K [0x00000000e1980000, 0x00000000e2080000, 0x0000000100000000)
  eden space 6144K, 100% used [0x00000000e1980000,0x00000000e1f80000,0x00000000e1f80000)
  from space 512K, 96% used [0x00000000e2000000,0x00000000e207c010,0x00000000e2080000)
  to   space 512K, 0% used [0x00000000e1f80000,0x00000000e1f80000,0x00000000e2000000)
 ParOldGen       total 5632K, used 1896K [0x00000000a4c00000, 0x00000000a5180000, 0x00000000e1980000)
  object space 5632K, 33% used [0x00000000a4c00000,0x00000000a4dda340,0x00000000a5180000)
 Metaspace       used 11833K, capacity 11960K, committed 12160K, reserved 1060864K
  class space    used 1282K, capacity 1343K, committed 1408K, reserved 1048576K
Event: 8.474 GC heap after
Heap after GC invocations=5 (full 0):
 PSYoungGen      total 6656K, used 496K [0x00000000e1980000, 0x00000000e2480000, 0x0000000100000000)
  eden space 6144K, 0% used [0x00000000e1980000,0x00000000e1980000,0x00000000e1f80000)
  from space 512K, 96% used [0x00000000e1f80000,0x00000000e1ffc010,0x00000000e2000000)
  to   space 2560K, 0% used [0x00000000e2200000,0x00000000e2200000,0x00000000e2480000)
 ParOldGen       total 5632K, used 3249K [0x00000000a4c00000, 0x00000000a5180000, 0x00000000e1980000)
  object space 5632K, 57% used [0x00000000a4c00000,0x00000000a4f2c688,0x00000000a5180000)
 Metaspace       used 11833K, capacity 11960K, committed 12160K, reserved 1060864K
  class space    used 1282K, capacity 1343K, committed 1408K, reserved 1048576K
}
Event: 8.724 GC heap before
{Heap before GC invocations=6 (full 0):
 PSYoungGen      total 6656K, used 6640K [0x00000000e1980000, 0x00000000e2480000, 0x0000000100000000)
  eden space 6144K, 100% used [0x00000000e1980000,0x00000000e1f80000,0x00000000e1f80000)
  from space 512K, 96% used [0x00000000e1f80000,0x00000000e1ffc010,0x00000000e2000000)
  to   space 2560K, 0% used [0x00000000e2200000,0x00000000e2200000,0x00000000e2480000)
 ParOldGen       total 5632K, used 3249K [0x00000000a4c00000, 0x00000000a5180000, 0x00000000e1980000)
  object space 5632K, 57% used [0x00000000a4c00000,0x00000000a4f2c688,0x00000000a5180000)
 Metaspace       used 12328K, capacity 12520K, committed 12800K, reserved 1060864K
  class space    used 1329K, capacity 1415K, committed 1536K, reserved 1048576K
Event: 8.728 GC heap after
Heap after GC invocations=6 (full 0):
 PSYoungGen      total 8704K, used 1936K [0x00000000e1980000, 0x00000000e2a80000, 0x0000000100000000)
  eden space 6144K, 0% used [0x00000000e1980000,0x00000000e1980000,0x00000000e1f80000)
  from space 2560K, 75% used [0x00000000e2200000,0x00000000e23e4020,0x00000000e2480000)
  to   space 2560K, 0% used [0x00000000e1f80000,0x00000000e1f80000,0x00000000e2200000)
 ParOldGen       total 5632K, used 3257K [0x00000000a4c00000, 0x00000000a5180000, 0x00000000e1980000)
  object space 5632K, 57% used [0x00000000a4c00000,0x00000000a4f2e688,0x00000000a5180000)
 Metaspace       used 12328K, capacity 12520K, committed 12800K, reserved 1060864K
  class space    used 1329K, capacity 1415K, committed 1536K, reserved 1048576K
}
Event: 9.612 GC heap before
{Heap before GC invocations=7 (full 0):
 PSYoungGen      total 8704K, used 8080K [0x00000000e1980000, 0x00000000e2a80000, 0x0000000100000000)
  eden space 6144K, 100% used [0x00000000e1980000,0x00000000e1f80000,0x00000000e1f80000)
  from space 2560K, 75% used [0x00000000e2200000,0x00000000e23e4020,0x00000000e2480000)
  to   space 2560K, 0% used [0x00000000e1f80000,0x00000000e1f80000,0x00000000e2200000)
 ParOldGen       total 5632K, used 3257K [0x00000000a4c00000, 0x00000000a5180000, 0x00000000e1980000)
  object space 5632K, 57% used [0x00000000a4c00000,0x00000000a4f2e688,0x00000000a5180000)
 Metaspace       used 15185K, capacity 15434K, committed 15616K, reserved 1062912K
  class space    used 1645K, capacity 1746K, committed 1792K, reserved 1048576K
Event: 9.616 GC heap after
Heap after GC invocations=7 (full 0):
 PSYoungGen      total 8704K, used 2529K [0x00000000e1980000, 0x00000000e2580000, 0x0000000100000000)
  eden space 6144K, 0% used [0x00000000e1980000,0x00000000e1980000,0x00000000e1f80000)
  from space 2560K, 98% used [0x00000000e1f80000,0x00000000e21f86a0,0x00000000e2200000)
  to   space 3072K, 0% used [0x00000000e2280000,0x00000000e2280000,0x00000000e2580000)
 ParOldGen       total 5632K, used 3589K [0x00000000a4c00000, 0x00000000a5180000, 0x00000000e1980000)
  object space 5632K, 63% used [0x00000000a4c00000,0x00000000a4f817e0,0x00000000a5180000)
 Metaspace       used 15185K, capacity 15434K, committed 15616K, reserved 1062912K
  class space    used 1645K, capacity 1746K, committed 1792K, reserved 1048576K
}
Event: 9.947 GC heap before
{Heap before GC invocations=8 (full 0):
 PSYoungGen      total 8704K, used 8673K [0x00000000e1980000, 0x00000000e2580000, 0x0000000100000000)
  eden space 6144K, 100% used [0x00000000e1980000,0x00000000e1f80000,0x00000000e1f80000)
  from space 2560K, 98% used [0x00000000e1f80000,0x00000000e21f86a0,0x00000000e2200000)
  to   space 3072K, 0% used [0x00000000e2280000,0x00000000e2280000,0x00000000e2580000)
 ParOldGen       total 5632K, used 3589K [0x00000000a4c00000, 0x00000000a5180000, 0x00000000e1980000)
  object space 5632K, 63% used [0x00000000a4c00000,0x00000000a4f817e0,0x00000000a5180000)
 Metaspace       used 16938K, capacity 17174K, committed 17408K, reserved 1064960K
  class space    used 1900K, capacity 2006K, committed 2048K, reserved 1048576K
Event: 9.953 GC heap after
Heap after GC invocations=8 (full 0):
 PSYoungGen      total 8704K, used 2882K [0x00000000e1980000, 0x00000000e2c80000, 0x0000000100000000)
  eden space 5632K, 0% used [0x00000000e1980000,0x00000000e1980000,0x00000000e1f00000)
  from space 3072K, 93% used [0x00000000e2280000,0x00000000e25508c0,0x00000000e2580000)
  to   space 3584K, 0% used [0x00000000e1f00000,0x00000000e1f00000,0x00000000e2280000)
 ParOldGen       total 5632K, used 3729K [0x00000000a4c00000, 0x00000000a5180000, 0x00000000e1980000)
  object space 5632K, 66% used [0x00000000a4c00000,0x00000000a4fa47f0,0x00000000a5180000)
 Metaspace       used 16938K, capacity 17174K, committed 17408K, reserved 1064960K
  class space    used 1900K, capacity 2006K, committed 2048K, reserved 1048576K
}

